SonarQube plugins:
  - SonarC# 6.5.0.3766 (csharp)
  - SonarPython 1.8.0.1496 (python)
  - SonarJava 4.15.0.12310 (java)
  - Flex 2.3 (flex)
  - SonarQube :: Plugins :: SCM :: Git 1.3.0.869 (scmgit)
  - SonarXML 1.4.3.1027 (xml)
  - SonarPHP 2.11.0.2485 (php)
  - SonarTS 1.1.0.1079 (typescript)
  - SonarQube :: Plugins :: SCM :: SVN 1.6.0.860 (scmsvn)
  - SonarJS 3.2.0.5506 (javascript)
Global properties:
  - sonar.core.id=AYJUij84o-z-CodmEzMC
  - sonar.core.startTime=2022-07-31T13:55:20+0000
Settings for module: netflix-app
  - sonar.exclusions=**/node_modules/**,/coverage/lcov-report/*,test/*.js/**,build/**,**/__tests__/**/seed.js
  - sonar.host.url=http://3.144.72.163:9090
  - sonar.javascript.lcov.reportPaths=coverage/lcov.info
  - sonar.login=******
  - sonar.projectBaseDir=/home/ubuntu/netflix-app/netflix-app
  - sonar.projectKey=netflix-app
  - sonar.projectName=netflix-app
  - sonar.projectVersion=0.01
  - sonar.scanner.app=ScannerCli
  - sonar.scanner.appVersion=3.1.0.1141
  - sonar.sourceEncoding=UTF-8
  - sonar.sources=.
  - sonar.sourcesEncoding=UTF-8
  - sonar.working.directory=/home/ubuntu/netflix-app/netflix-app/.scannerwork
